<?xml version="1.0" encoding="UTF-8"?>
<!-- Generated by org.testng.reporters.JUnitXMLReporter -->
<testsuite ignored="0" hostname="DESKTOP-NORF524" failures="1" tests="1" name="Error Validation Test" time="7.885" errors="0" timestamp="2024-02-25T23:34:06 IST">
  <testcase classname="AutomationProject.JavaSeleniumFramework.ErrorValidation" name="invalidLogin" time="3.172">
    <failure type="java.lang.IllegalArgumentException" message="Incorrect Error Message">
      <![CDATA[java.lang.IllegalArgumentException: Incorrect Error Message
at dev.failsafe.internal.util.Assert.isTrue(Assert.java:29)
at AutomationProject.JavaSeleniumFramework.ErrorValidation.invalidLogin(ErrorValidation.java:19)
at java.base/java.util.ArrayList.forEach(ArrayList.java:1511)
at java.base/java.util.concurrent.FutureTask.run(FutureTask.java:264)
at java.base/java.util.concurrent.ThreadPoolExecutor.runWorker(ThreadPoolExecutor.java:1136)
at java.base/java.util.concurrent.ThreadPoolExecutor$Worker.run(ThreadPoolExecutor.java:635)
at java.base/java.lang.Thread.run(Thread.java:833)
... Removed 18 stack frames]]>
    </failure>
  </testcase> <!-- invalidLogin -->
</testsuite> <!-- Error Validation Test -->
