<?xml version="1.0" encoding="UTF-8"?>
<!-- Generated by org.testng.reporters.JUnitXMLReporter -->
<testsuite ignored="0" hostname="DESKTOP-NORF524" failures="0" tests="2" name="Submit Order Test" time="16.234" errors="0" timestamp="2024-02-25T23:34:14 IST">
  <testcase classname="AutomationProject.JavaSeleniumFramework.SubmitOrder" name="submitOrder" time="4.377"/>
  <testcase classname="AutomationProject.JavaSeleniumFramework.SubmitOrder" name="OrderHistoryTest" time="0.826"/>
</testsuite> <!-- Submit Order Test -->
