<?xml version="1.0" encoding="UTF-8"?>
<!-- Generated by org.testng.reporters.JUnitXMLReporter -->
<testsuite ignored="0" hostname="DESKTOP-NORF524" failures="3" tests="3" name="Submit Order Test" time="7.539" errors="0" timestamp="2024-02-29T00:51:13 IST">
  <testcase classname="io.cucumber.testng.AbstractTestNGCucumberTests" name="runScenario" time="2.895">
    <failure type="java.lang.NullPointerException" message="Cannot invoke &amp;quot;AutomationProject.pageobjects.LandingPage.goTo()&amp;quot; because &amp;quot;this.landingpage&amp;quot; is null">
      <![CDATA[java.lang.NullPointerException: Cannot invoke "AutomationProject.pageobjects.LandingPage.goTo()" because "this.landingpage" is null
at AutomationProject.StepDefinitions.StepDefinitionImp.I_launch_the_saucedemo_application(StepDefinitionImp.java:32)
at ✽.I launch the saucedemo application(file:///C:/Users/ADMIN/eclipse-workspace4/JavaSeleniumFramework/src/test/java/features/ErrorValidation.feature:6)
]]>
    </failure>
  </testcase> <!-- runScenario -->
  <testcase classname="io.cucumber.testng.AbstractTestNGCucumberTests" name="runScenario" time="1.895">
    <failure type="java.lang.NullPointerException" message="Cannot invoke &amp;quot;AutomationProject.pageobjects.LandingPage.goTo()&amp;quot; because &amp;quot;this.landingpage&amp;quot; is null">
      <![CDATA[java.lang.NullPointerException: Cannot invoke "AutomationProject.pageobjects.LandingPage.goTo()" because "this.landingpage" is null
at AutomationProject.StepDefinitions.StepDefinitionImp.I_launch_the_saucedemo_application(StepDefinitionImp.java:32)
at ✽.I launch the saucedemo application(file:///C:/Users/ADMIN/eclipse-workspace4/JavaSeleniumFramework/src/test/java/features/ErrorValidation.feature:6)
]]>
    </failure>
  </testcase> <!-- runScenario -->
  <testcase classname="io.cucumber.testng.AbstractTestNGCucumberTests" name="runScenario" time="1.832">
    <failure type="java.lang.NullPointerException" message="Cannot invoke &amp;quot;AutomationProject.pageobjects.LandingPage.goTo()&amp;quot; because &amp;quot;this.landingpage&amp;quot; is null">
      <![CDATA[java.lang.NullPointerException: Cannot invoke "AutomationProject.pageobjects.LandingPage.goTo()" because "this.landingpage" is null
at AutomationProject.StepDefinitions.StepDefinitionImp.I_launch_the_saucedemo_application(StepDefinitionImp.java:32)
at ✽.I launch the saucedemo application(file:///C:/Users/ADMIN/eclipse-workspace4/JavaSeleniumFramework/src/test/java/features/SubmitOrder.feature:5)
]]>
    </failure>
  </testcase> <!-- runScenario -->
</testsuite> <!-- Submit Order Test -->
