<?xml version="1.0" encoding="UTF-8"?>
<testng-results ignored="0" total="2" passed="1" failed="1" skipped="0">
  <reporter-output>
  </reporter-output>
  <suite started-at="2024-03-02T11:59:22 IST" name="Default suite" finished-at="2024-03-02T11:59:31 IST" duration-ms="9381">
    <groups>
      <group name="cucumber">
        <method signature="AbstractTestNGCucumberTests.runScenario(io.cucumber.testng.PickleWrapper,io.cucumber.testng.FeatureWrapper)[pri:0, instance:runner.TestngRunner@2ea41516]" name="runScenario" class="io.cucumber.testng.AbstractTestNGCucumberTests"/>
      </group> <!-- cucumber -->
    </groups>
    <test started-at="2024-03-02T11:59:22 IST" name="Default test" finished-at="2024-03-02T11:59:31 IST" duration-ms="9381">
      <class name="runner.TestngRunner">
        <test-method is-config="true" signature="setUpClass(org.testng.ITestContext)[pri:0, instance:runner.TestngRunner@2ea41516]" started-at="2024-03-02T11:59:22 IST" name="setUpClass" finished-at="2024-03-02T11:59:23 IST" duration-ms="1190" status="PASS">
          <params>
            <param index="0">
              <value>
                <![CDATA[org.testng.TestRunner@78cd163b]]>
              </value>
            </param>
          </params>
          <reporter-output>
          </reporter-output>
        </test-method> <!-- setUpClass -->
        <test-method signature="runScenario(io.cucumber.testng.PickleWrapper,io.cucumber.testng.FeatureWrapper)[pri:0, instance:runner.TestngRunner@2ea41516]" started-at="2024-03-02T11:59:23 IST" name="runScenario" description="Runs Cucumber Scenarios" data-provider="scenarios" finished-at="2024-03-02T11:59:28 IST" duration-ms="4761" status="PASS">
          <params>
            <param index="0">
              <value>
                <![CDATA["Invalid/lockedout login credentials"]]>
              </value>
            </param>
            <param index="1">
              <value>
                <![CDATA["Error validation in sauce demo ecommerce website"]]>
              </value>
            </param>
          </params>
          <reporter-output>
          </reporter-output>
        </test-method> <!-- runScenario -->
        <test-method signature="runScenario(io.cucumber.testng.PickleWrapper,io.cucumber.testng.FeatureWrapper)[pri:0, instance:runner.TestngRunner@2ea41516]" started-at="2024-03-02T11:59:28 IST" name="runScenario" description="Runs Cucumber Scenarios" data-provider="scenarios" finished-at="2024-03-02T11:59:31 IST" duration-ms="3321" status="FAIL">
          <params>
            <param index="0">
              <value>
                <![CDATA["Invalid/lockedout login credentials"]]>
              </value>
            </param>
            <param index="1">
              <value>
                <![CDATA["Error validation in sauce demo ecommerce website"]]>
              </value>
            </param>
          </params>
          <exception class="java.lang.IllegalArgumentException">
            <message>
              <![CDATA[Incorrect Error Message]]>
            </message>
            <full-stacktrace>
              <![CDATA[java.lang.IllegalArgumentException: Incorrect Error Message
at dev.failsafe.internal.util.Assert.isTrue(Assert.java:29)
at AutomationProject.StepDefinitions.StepDefinitionImp.verify_the_errormessage(StepDefinitionImp.java:75)
at ✽.verify the 'Sorry, this user has been locked out.'(file:///C:/Users/ADMIN/eclipse-workspace4/JavaSeleniumFramework/src/test/java/features/ErrorValidation.feature:8)
]]>
            </full-stacktrace>
          </exception> <!-- java.lang.IllegalArgumentException -->
          <reporter-output>
          </reporter-output>
        </test-method> <!-- runScenario -->
        <test-method is-config="true" signature="tearDownClass()[pri:0, instance:runner.TestngRunner@2ea41516]" started-at="2024-03-02T11:59:31 IST" name="tearDownClass" finished-at="2024-03-02T11:59:31 IST" duration-ms="48" status="PASS">
          <reporter-output>
          </reporter-output>
        </test-method> <!-- tearDownClass -->
      </class> <!-- runner.TestngRunner -->
    </test> <!-- Default test -->
  </suite> <!-- Default suite -->
</testng-results>
